\BOOKMARK [0][-]{chapter*.1}{\376\377\000I\000m\000p\000l\000e\000m\000e\000n\000t\000a\000s\000i\000\040\000T\000r\000a\000n\000s\000a\000c\000t\000i\000o\000n\000\040\000d\000a\000n\000\040\000A\000C\000I\000D\000\040\000p\000a\000d\000a\000\040\000P\000o\000s\000t\000g\000r\000e\000S\000Q\000L}{}% 1
\BOOKMARK [1][-]{section.0.1}{\376\377\000P\000e\000n\000d\000a\000h\000u\000l\000u\000a\000n}{chapter*.1}% 2
\BOOKMARK [2][-]{subsection.0.1.1}{\376\377\000T\000u\000j\000u\000a\000n\000\040\000P\000r\000a\000k\000t\000i\000k\000u\000m}{section.0.1}% 3
\BOOKMARK [1][-]{section.0.2}{\376\377\000K\000o\000n\000s\000e\000p\000\040\000A\000C\000I\000D\000\040\000d\000a\000l\000a\000m\000\040\000T\000r\000a\000n\000s\000a\000k\000s\000i\000\040\000D\000a\000t\000a\000b\000a\000s\000e}{chapter*.1}% 4
\BOOKMARK [2][-]{subsection.0.2.1}{\376\377\000A\000t\000o\000m\000i\000c\000i\000t\000y\000\040\000\050\000A\000t\000o\000m\000i\000s\000i\000t\000a\000s\000\051}{section.0.2}% 5
\BOOKMARK [2][-]{subsection.0.2.2}{\376\377\000C\000o\000n\000s\000i\000s\000t\000e\000n\000c\000y\000\040\000\050\000K\000o\000n\000s\000i\000s\000t\000e\000n\000s\000i\000\051}{section.0.2}% 6
\BOOKMARK [2][-]{subsection.0.2.3}{\376\377\000I\000s\000o\000l\000a\000t\000i\000o\000n\000\040\000\050\000I\000s\000o\000l\000a\000s\000i\000\051}{section.0.2}% 7
\BOOKMARK [2][-]{subsection.0.2.4}{\376\377\000D\000u\000r\000a\000b\000i\000l\000i\000t\000y\000\040\000\050\000D\000u\000r\000a\000b\000i\000l\000i\000t\000a\000s\000\051}{section.0.2}% 8
\BOOKMARK [1][-]{section.0.3}{\376\377\000T\000i\000n\000g\000k\000a\000t\000\040\000I\000s\000o\000l\000a\000s\000i\000\040\000T\000r\000a\000n\000s\000a\000k\000s\000i}{chapter*.1}% 9
\BOOKMARK [2][-]{subsection.0.3.1}{\376\377\000R\000E\000A\000D\000\040\000U\000N\000C\000O\000M\000M\000I\000T\000T\000E\000D}{section.0.3}% 10
\BOOKMARK [2][-]{subsection.0.3.2}{\376\377\000R\000E\000A\000D\000\040\000C\000O\000M\000M\000I\000T\000T\000E\000D\000\040\000\050\000D\000e\000f\000a\000u\000l\000t\000\051}{section.0.3}% 11
\BOOKMARK [2][-]{subsection.0.3.3}{\376\377\000R\000E\000P\000E\000A\000T\000A\000B\000L\000E\000\040\000R\000E\000A\000D}{section.0.3}% 12
\BOOKMARK [2][-]{subsection.0.3.4}{\376\377\000S\000E\000R\000I\000A\000L\000I\000Z\000A\000B\000L\000E}{section.0.3}% 13
\BOOKMARK [2][-]{subsection.0.3.5}{\376\377\000A\000n\000o\000m\000a\000l\000i\000\040\000K\000o\000n\000k\000u\000r\000e\000n\000s\000i}{section.0.3}% 14
\BOOKMARK [1][-]{section.0.4}{\376\377\000S\000t\000r\000a\000t\000e\000g\000i\000\040\000P\000e\000n\000a\000n\000g\000a\000n\000a\000n\000\040\000K\000o\000n\000k\000u\000r\000e\000n\000s\000i}{chapter*.1}% 15
\BOOKMARK [2][-]{subsection.0.4.1}{\376\377\000P\000e\000s\000s\000i\000m\000i\000s\000t\000i\000c\000\040\000C\000o\000n\000c\000u\000r\000r\000e\000n\000c\000y\000\040\000C\000o\000n\000t\000r\000o\000l}{section.0.4}% 16
\BOOKMARK [2][-]{subsection.0.4.2}{\376\377\000O\000p\000t\000i\000m\000i\000s\000t\000i\000c\000\040\000C\000o\000n\000c\000u\000r\000r\000e\000n\000c\000y\000\040\000C\000o\000n\000t\000r\000o\000l}{section.0.4}% 17
\BOOKMARK [2][-]{subsection.0.4.3}{\376\377\000M\000u\000l\000t\000i\000-\000V\000e\000r\000s\000i\000o\000n\000\040\000C\000o\000n\000c\000u\000r\000r\000e\000n\000c\000y\000\040\000C\000o\000n\000t\000r\000o\000l\000\040\000\050\000M\000V\000C\000C\000\051}{section.0.4}% 18
\BOOKMARK [1][-]{section.0.5}{\376\377\000R\000e\000f\000e\000r\000e\000n\000s\000i}{chapter*.1}% 19
\BOOKMARK [0][-]{chapter*.3}{\376\377\000D\000a\000s\000a\000r\000\040\000T\000e\000o\000r\000i}{}% 20
\BOOKMARK [0][-]{chapter*.4}{\376\377\000H\000a\000s\000i\000l\000\040\000P\000r\000a\000k\000t\000i\000k\000u\000m}{}% 21
\BOOKMARK [0][-]{chapter*.5}{\376\377\000T\000u\000g\000a\000s\000\040\000M\000o\000d\000u\000l}{}% 22
\BOOKMARK [0][-]{chapter*.6}{\376\377\000T\000u\000g\000a\000s\000\040\000A\000s\000i\000s\000t\000e\000n\000s\000i}{}% 23
\BOOKMARK [0][-]{chapter*.7}{\376\377\000K\000e\000s\000i\000m\000p\000u\000l\000a\000n}{}% 24
